build/app/intermediates/manifest_merge_blame_file/debug/manifest-merger-blame-debug-report.txt
1<?xml version="1.0" encoding="utf-8"?>
2<manifest xmlns:android="http://schemas.android.com/apk/res/android"
3    package="com.example.flutter_web_21"
4    android:versionCode="1"
5    android:versionName="1.0.0" >
6
7    <uses-sdk
8        android:minSdkVersion="16"
9        android:targetSdkVersion="30" />
10    <!--
11         Flutter needs it to communicate with the running application
12         to allow setting breakpoints, to provide hot reload, etc.
13    -->
14    <uses-permission android:name="android.permission.INTERNET" />
14-->src\debug\AndroidManifest.xml:6:5-66
14-->src\debug\AndroidManifest.xml:6:22-64
15    <uses-permission android:name="android.permission.READ_EXTERNAL_STORAGE" />
15-->src\main\AndroidManifest.xml:3:4-78
15-->src\main\AndroidManifest.xml:3:21-76
16    <uses-permission android:name="android.permission.WRITE_EXTERNAL_STORAGE" />
16-->src\main\AndroidManifest.xml:4:5-80
16-->src\main\AndroidManifest.xml:4:22-78
17    <uses-permission android:name="android.permission.FOREGROUND_SERVICE" />
17-->src\main\AndroidManifest.xml:5:5-76
17-->src\main\AndroidManifest.xml:5:22-74
18
19    <queries>
19-->[:file_picker] AndroidManifest.xml:9:5-15:15
20        <intent>
20-->[:file_picker] AndroidManifest.xml:10:9-14:18
21            <action android:name="android.intent.action.GET_CONTENT" />
21-->[:file_picker] AndroidManifest.xml:11:13-72
21-->[:file_picker] AndroidManifest.xml:11:21-69
22
23            <data android:mimeType="*/*" />
23-->[:file_picker] AndroidManifest.xml:13:13-44
23-->[:file_picker] AndroidManifest.xml:13:19-41
24        </intent>
25    </queries>
26
27    <uses-permission android:name="android.permission.ACCESS_NETWORK_STATE" />
27-->[com.google.firebase:firebase-auth:20.0.3] AndroidManifest.xml:24:5-79
27-->[com.google.firebase:firebase-auth:20.0.3] AndroidManifest.xml:24:22-76
28    <uses-permission android:name="android.permission.WAKE_LOCK" />
28-->[com.google.android.gms:play-services-measurement-api:18.0.2] AndroidManifest.xml:24:5-68
28-->[com.google.android.gms:play-services-measurement-api:18.0.2] AndroidManifest.xml:24:22-65
29    <uses-permission android:name="com.google.android.finsky.permission.BIND_GET_INSTALL_REFERRER_SERVICE" />
29-->[com.google.android.gms:play-services-measurement:18.0.2] AndroidManifest.xml:26:5-110
29-->[com.google.android.gms:play-services-measurement:18.0.2] AndroidManifest.xml:26:22-107
30
31    <application
31-->src\main\AndroidManifest.xml:6:5-43:19
32        android:appComponentFactory="androidx.core.app.CoreComponentFactory"
32-->[androidx.core:core:1.1.0] AndroidManifest.xml:24:18-86
33        android:debuggable="true"
34        android:icon="@mipmap/ic_launcher"
34-->src\main\AndroidManifest.xml:8:9-43
35        android:label="flutter_web_21" >
35-->src\main\AndroidManifest.xml:7:9-39
36        <activity
36-->src\main\AndroidManifest.xml:9:9-37:20
37            android:name="com.example.flutter_web_21.MainActivity"
37-->src\main\AndroidManifest.xml:10:13-41
38            android:configChanges="orientation|keyboardHidden|keyboard|screenSize|smallestScreenSize|locale|layoutDirection|fontScale|screenLayout|density|uiMode"
38-->src\main\AndroidManifest.xml:13:13-163
39            android:hardwareAccelerated="true"
39-->src\main\AndroidManifest.xml:14:13-47
40            android:launchMode="singleTop"
40-->src\main\AndroidManifest.xml:11:13-43
41            android:theme="@style/LaunchTheme"
41-->src\main\AndroidManifest.xml:12:13-47
42            android:windowSoftInputMode="adjustResize" >
42-->src\main\AndroidManifest.xml:15:13-55
43
44            <!--
45                 Specifies an Android theme to apply to this Activity as soon as
46                 the Android process has started. This theme is visible to the user
47                 while the Flutter UI initializes. After that, this theme continues
48                 to determine the Window background behind the Flutter UI.
49            -->
50            <meta-data
50-->src\main\AndroidManifest.xml:20:13-23:17
51                android:name="io.flutter.embedding.android.NormalTheme"
51-->src\main\AndroidManifest.xml:21:15-70
52                android:resource="@style/NormalTheme" />
52-->src\main\AndroidManifest.xml:22:15-52
53            <!--
54                 Displays an Android View that continues showing the launch screen
55                 Drawable until Flutter paints its first frame, then this splash
56                 screen fades out. A splash screen is useful to avoid any visual
57                 gap between the end of Android's launch screen and the painting of
58                 Flutter's first frame.
59            -->
60            <meta-data
60-->src\main\AndroidManifest.xml:29:13-32:17
61                android:name="io.flutter.embedding.android.SplashScreenDrawable"
61-->src\main\AndroidManifest.xml:30:15-79
62                android:resource="@drawable/launch_background" />
62-->src\main\AndroidManifest.xml:31:15-61
63
64            <intent-filter>
64-->src\main\AndroidManifest.xml:33:13-36:29
65                <action android:name="android.intent.action.MAIN" />
65-->src\main\AndroidManifest.xml:34:17-68
65-->src\main\AndroidManifest.xml:34:25-66
66
67                <category android:name="android.intent.category.LAUNCHER" />
67-->src\main\AndroidManifest.xml:35:17-76
67-->src\main\AndroidManifest.xml:35:27-74
68            </intent-filter>
69        </activity>
70        <!--
71             Don't delete the meta-data below.
72             This is used by the Flutter tool to generate GeneratedPluginRegistrant.java
73        -->
74        <meta-data
74-->src\main\AndroidManifest.xml:40:9-42:33
75            android:name="flutterEmbedding"
75-->src\main\AndroidManifest.xml:41:13-44
76            android:value="2" />
76-->src\main\AndroidManifest.xml:42:13-30
77
78        <service
78-->[:firebase_auth] AndroidManifest.xml:8:9-12:19
79            android:name="com.google.firebase.components.ComponentDiscoveryService"
79-->[:firebase_auth] AndroidManifest.xml:8:18-89
80            android:directBootAware="true"
80-->[com.google.firebase:firebase-common:19.5.0] AndroidManifest.xml:35:13-43
81            android:exported="false" >
81-->[com.google.firebase:firebase-auth:20.0.3] AndroidManifest.xml:76:13-37
82            <meta-data
82-->[:firebase_auth] AndroidManifest.xml:9:13-11:85
83                android:name="com.google.firebase.components:io.flutter.plugins.firebase.auth.FlutterFirebaseAuthRegistrar"
83-->[:firebase_auth] AndroidManifest.xml:10:17-124
84                android:value="com.google.firebase.components.ComponentRegistrar" />
84-->[:firebase_auth] AndroidManifest.xml:11:17-82
85            <meta-data
85-->[:firebase_core] AndroidManifest.xml:9:13-11:85
86                android:name="com.google.firebase.components:io.flutter.plugins.firebase.core.FlutterFirebaseCoreRegistrar"
86-->[:firebase_core] AndroidManifest.xml:10:17-124
87                android:value="com.google.firebase.components.ComponentRegistrar" />
87-->[:firebase_core] AndroidManifest.xml:11:17-82
88            <meta-data
88-->[com.google.firebase:firebase-auth:20.0.3] AndroidManifest.xml:77:13-79:85
89                android:name="com.google.firebase.components:com.google.firebase.auth.FirebaseAuthRegistrar"
89-->[com.google.firebase:firebase-auth:20.0.3] AndroidManifest.xml:78:17-109
90                android:value="com.google.firebase.components.ComponentRegistrar" />
90-->[com.google.firebase:firebase-auth:20.0.3] AndroidManifest.xml:79:17-82
91            <meta-data
91-->[com.google.android.gms:play-services-measurement-api:18.0.2] AndroidManifest.xml:30:13-32:85
92                android:name="com.google.firebase.components:com.google.firebase.analytics.connector.internal.AnalyticsConnectorRegistrar"
92-->[com.google.android.gms:play-services-measurement-api:18.0.2] AndroidManifest.xml:31:17-139
93                android:value="com.google.firebase.components.ComponentRegistrar" />
93-->[com.google.android.gms:play-services-measurement-api:18.0.2] AndroidManifest.xml:32:17-82
94            <meta-data
94-->[com.google.firebase:firebase-installations:16.3.5] AndroidManifest.xml:18:13-20:85
95                android:name="com.google.firebase.components:com.google.firebase.installations.FirebaseInstallationsRegistrar"
95-->[com.google.firebase:firebase-installations:16.3.5] AndroidManifest.xml:19:17-127
96                android:value="com.google.firebase.components.ComponentRegistrar" />
96-->[com.google.firebase:firebase-installations:16.3.5] AndroidManifest.xml:20:17-82
97            <!--
98                This registrar is not defined in the dynamic-module-support sdk itself to allow non-firebase
99                clients to use it as well, by defining this registrar in their own core/common library.
100            -->
101            <meta-data
101-->[com.google.firebase:firebase-common:19.5.0] AndroidManifest.xml:43:13-45:85
102                android:name="com.google.firebase.components:com.google.firebase.dynamicloading.DynamicLoadingRegistrar"
102-->[com.google.firebase:firebase-common:19.5.0] AndroidManifest.xml:44:17-121
103                android:value="com.google.firebase.components.ComponentRegistrar" />
103-->[com.google.firebase:firebase-common:19.5.0] AndroidManifest.xml:45:17-82
104        </service>
105
106        <provider
106-->[:printing] AndroidManifest.xml:8:9-16:20
107            android:name="net.nfet.flutter.printing.PrintFileProvider"
107-->[:printing] AndroidManifest.xml:9:13-71
108            android:authorities="com.example.flutter_web_21.flutter.printing"
108-->[:printing] AndroidManifest.xml:10:13-68
109            android:exported="false"
109-->[:printing] AndroidManifest.xml:11:13-37
110            android:grantUriPermissions="true" >
110-->[:printing] AndroidManifest.xml:12:13-47
111            <meta-data
111-->[:printing] AndroidManifest.xml:13:13-15:71
112                android:name="android.support.FILE_PROVIDER_PATHS"
112-->[:printing] AndroidManifest.xml:14:17-67
113                android:resource="@xml/flutter_printing_file_paths" />
113-->[:printing] AndroidManifest.xml:15:17-68
114        </provider>
115
116        <activity
116-->[com.google.firebase:firebase-auth:20.0.3] AndroidManifest.xml:27:9-44:20
117            android:name="com.google.firebase.auth.internal.GenericIdpActivity"
117-->[com.google.firebase:firebase-auth:20.0.3] AndroidManifest.xml:28:13-80
118            android:excludeFromRecents="true"
118-->[com.google.firebase:firebase-auth:20.0.3] AndroidManifest.xml:29:13-46
119            android:exported="true"
119-->[com.google.firebase:firebase-auth:20.0.3] AndroidManifest.xml:30:13-36
120            android:launchMode="singleTask"
120-->[com.google.firebase:firebase-auth:20.0.3] AndroidManifest.xml:31:13-44
121            android:theme="@android:style/Theme.Translucent.NoTitleBar" >
121-->[com.google.firebase:firebase-auth:20.0.3] AndroidManifest.xml:32:13-72
122            <intent-filter>
122-->[com.google.firebase:firebase-auth:20.0.3] AndroidManifest.xml:33:13-43:29
123                <action android:name="android.intent.action.VIEW" />
123-->[com.google.firebase:firebase-auth:20.0.3] AndroidManifest.xml:34:17-69
123-->[com.google.firebase:firebase-auth:20.0.3] AndroidManifest.xml:34:25-66
124
125                <category android:name="android.intent.category.DEFAULT" />
125-->[com.google.firebase:firebase-auth:20.0.3] AndroidManifest.xml:36:17-76
125-->[com.google.firebase:firebase-auth:20.0.3] AndroidManifest.xml:36:27-73
126                <category android:name="android.intent.category.BROWSABLE" />
126-->[com.google.firebase:firebase-auth:20.0.3] AndroidManifest.xml:37:17-78
126-->[com.google.firebase:firebase-auth:20.0.3] AndroidManifest.xml:37:27-75
127
128                <data
128-->[:file_picker] AndroidManifest.xml:13:13-44
129                    android:host="firebase.auth"
130                    android:path="/"
131                    android:scheme="genericidp" />
132            </intent-filter>
133        </activity>
134        <activity
134-->[com.google.firebase:firebase-auth:20.0.3] AndroidManifest.xml:45:9-62:20
135            android:name="com.google.firebase.auth.internal.RecaptchaActivity"
135-->[com.google.firebase:firebase-auth:20.0.3] AndroidManifest.xml:46:13-79
136            android:excludeFromRecents="true"
136-->[com.google.firebase:firebase-auth:20.0.3] AndroidManifest.xml:47:13-46
137            android:exported="true"
137-->[com.google.firebase:firebase-auth:20.0.3] AndroidManifest.xml:48:13-36
138            android:launchMode="singleTask"
138-->[com.google.firebase:firebase-auth:20.0.3] AndroidManifest.xml:49:13-44
139            android:theme="@android:style/Theme.Translucent.NoTitleBar" >
139-->[com.google.firebase:firebase-auth:20.0.3] AndroidManifest.xml:50:13-72
140            <intent-filter>
140-->[com.google.firebase:firebase-auth:20.0.3] AndroidManifest.xml:51:13-61:29
141                <action android:name="android.intent.action.VIEW" />
141-->[com.google.firebase:firebase-auth:20.0.3] AndroidManifest.xml:34:17-69
141-->[com.google.firebase:firebase-auth:20.0.3] AndroidManifest.xml:34:25-66
142
143                <category android:name="android.intent.category.DEFAULT" />
143-->[com.google.firebase:firebase-auth:20.0.3] AndroidManifest.xml:36:17-76
143-->[com.google.firebase:firebase-auth:20.0.3] AndroidManifest.xml:36:27-73
144                <category android:name="android.intent.category.BROWSABLE" />
144-->[com.google.firebase:firebase-auth:20.0.3] AndroidManifest.xml:37:17-78
144-->[com.google.firebase:firebase-auth:20.0.3] AndroidManifest.xml:37:27-75
145
146                <data
146-->[:file_picker] AndroidManifest.xml:13:13-44
147                    android:host="firebase.auth"
148                    android:path="/"
149                    android:scheme="recaptcha" />
150            </intent-filter>
151        </activity>
152
153        <service
153-->[com.google.firebase:firebase-auth:20.0.3] AndroidManifest.xml:64:9-73:19
154            android:name="com.google.firebase.auth.api.fallback.service.FirebaseAuthFallbackService"
154-->[com.google.firebase:firebase-auth:20.0.3] AndroidManifest.xml:65:13-101
155            android:enabled="true"
155-->[com.google.firebase:firebase-auth:20.0.3] AndroidManifest.xml:66:13-35
156            android:exported="false" >
156-->[com.google.firebase:firebase-auth:20.0.3] AndroidManifest.xml:67:13-37
157            <intent-filter>
157-->[com.google.firebase:firebase-auth:20.0.3] AndroidManifest.xml:68:13-72:29
158                <action android:name="com.google.firebase.auth.api.gms.service.START" />
158-->[com.google.firebase:firebase-auth:20.0.3] AndroidManifest.xml:69:17-89
158-->[com.google.firebase:firebase-auth:20.0.3] AndroidManifest.xml:69:25-86
159
160                <category android:name="android.intent.category.DEFAULT" />
160-->[com.google.firebase:firebase-auth:20.0.3] AndroidManifest.xml:36:17-76
160-->[com.google.firebase:firebase-auth:20.0.3] AndroidManifest.xml:36:27-73
161            </intent-filter>
162        </service>
163
164        <provider
164-->[com.google.firebase:firebase-common:19.5.0] AndroidManifest.xml:26:9-31:39
165            android:name="com.google.firebase.provider.FirebaseInitProvider"
165-->[com.google.firebase:firebase-common:19.5.0] AndroidManifest.xml:27:13-77
166            android:authorities="com.example.flutter_web_21.firebaseinitprovider"
166-->[com.google.firebase:firebase-common:19.5.0] AndroidManifest.xml:28:13-72
167            android:directBootAware="true"
167-->[com.google.firebase:firebase-common:19.5.0] AndroidManifest.xml:29:13-43
168            android:exported="false"
168-->[com.google.firebase:firebase-common:19.5.0] AndroidManifest.xml:30:13-37
169            android:initOrder="100" />
169-->[com.google.firebase:firebase-common:19.5.0] AndroidManifest.xml:31:13-36
170
171        <activity
171-->[com.google.android.gms:play-services-auth:16.0.1] AndroidManifest.xml:23:9-27:75
172            android:name="com.google.android.gms.auth.api.signin.internal.SignInHubActivity"
172-->[com.google.android.gms:play-services-auth:16.0.1] AndroidManifest.xml:24:13-93
173            android:excludeFromRecents="true"
173-->[com.google.android.gms:play-services-auth:16.0.1] AndroidManifest.xml:25:13-46
174            android:exported="false"
174-->[com.google.android.gms:play-services-auth:16.0.1] AndroidManifest.xml:26:13-37
175            android:theme="@android:style/Theme.Translucent.NoTitleBar" />
175-->[com.google.android.gms:play-services-auth:16.0.1] AndroidManifest.xml:27:13-72
176        <!--
177            Service handling Google Sign-In user revocation. For apps that do not integrate with
178            Google Sign-In, this service will never be started.
179        -->
180        <service
180-->[com.google.android.gms:play-services-auth:16.0.1] AndroidManifest.xml:33:9-36:110
181            android:name="com.google.android.gms.auth.api.signin.RevocationBoundService"
181-->[com.google.android.gms:play-services-auth:16.0.1] AndroidManifest.xml:34:13-89
182            android:exported="true"
182-->[com.google.android.gms:play-services-auth:16.0.1] AndroidManifest.xml:35:13-36
183            android:permission="com.google.android.gms.auth.api.signin.permission.REVOCATION_NOTIFICATION" />
183-->[com.google.android.gms:play-services-auth:16.0.1] AndroidManifest.xml:36:13-107
184
185        <activity
185-->[com.google.android.gms:play-services-base:17.1.0] AndroidManifest.xml:23:9-26:75
186            android:name="com.google.android.gms.common.api.GoogleApiActivity"
186-->[com.google.android.gms:play-services-base:17.1.0] AndroidManifest.xml:24:13-79
187            android:exported="false"
187-->[com.google.android.gms:play-services-base:17.1.0] AndroidManifest.xml:25:13-37
188            android:theme="@android:style/Theme.Translucent.NoTitleBar" />
188-->[com.google.android.gms:play-services-base:17.1.0] AndroidManifest.xml:26:13-72
189
190        <receiver
190-->[com.google.android.gms:play-services-measurement:18.0.2] AndroidManifest.xml:29:9-33:20
191            android:name="com.google.android.gms.measurement.AppMeasurementReceiver"
191-->[com.google.android.gms:play-services-measurement:18.0.2] AndroidManifest.xml:30:13-85
192            android:enabled="true"
192-->[com.google.android.gms:play-services-measurement:18.0.2] AndroidManifest.xml:31:13-35
193            android:exported="false" >
193-->[com.google.android.gms:play-services-measurement:18.0.2] AndroidManifest.xml:32:13-37
194        </receiver>
195
196        <service
196-->[com.google.android.gms:play-services-measurement:18.0.2] AndroidManifest.xml:35:9-38:40
197            android:name="com.google.android.gms.measurement.AppMeasurementService"
197-->[com.google.android.gms:play-services-measurement:18.0.2] AndroidManifest.xml:36:13-84
198            android:enabled="true"
198-->[com.google.android.gms:play-services-measurement:18.0.2] AndroidManifest.xml:37:13-35
199            android:exported="false" />
199-->[com.google.android.gms:play-services-measurement:18.0.2] AndroidManifest.xml:38:13-37
200        <service
200-->[com.google.android.gms:play-services-measurement:18.0.2] AndroidManifest.xml:39:9-43:72
201            android:name="com.google.android.gms.measurement.AppMeasurementJobService"
201-->[com.google.android.gms:play-services-measurement:18.0.2] AndroidManifest.xml:40:13-87
202            android:enabled="true"
202-->[com.google.android.gms:play-services-measurement:18.0.2] AndroidManifest.xml:41:13-35
203            android:exported="false"
203-->[com.google.android.gms:play-services-measurement:18.0.2] AndroidManifest.xml:42:13-37
204            android:permission="android.permission.BIND_JOB_SERVICE" />
204-->[com.google.android.gms:play-services-measurement:18.0.2] AndroidManifest.xml:43:13-69
205
206        <meta-data
206-->[com.google.android.gms:play-services-basement:17.1.0] AndroidManifest.xml:23:9-25:69
207            android:name="com.google.android.gms.version"
207-->[com.google.android.gms:play-services-basement:17.1.0] AndroidManifest.xml:24:13-58
208            android:value="@integer/google_play_services_version" />
208-->[com.google.android.gms:play-services-basement:17.1.0] AndroidManifest.xml:25:13-66
209    </application>
210
211</manifest>